  [1m[36m (3.0ms)[0m  [1mCREATE TABLE "schema_migrations" ("version" varchar(255) NOT NULL) [0m
  [1m[35m (0.6ms)[0m  select sqlite_version(*)
  [1m[36m (3.4ms)[0m  [1mCREATE UNIQUE INDEX "unique_schema_migrations" ON "schema_migrations" ("version")[0m
  [1m[35mActiveRecord::SchemaMigration Load (0.2ms)[0m  SELECT "schema_migrations".* FROM "schema_migrations"
Migrating to CreateUsers (20150226201041)
  [1m[36m (0.1ms)[0m  [1mbegin transaction[0m
  [1m[35m (0.7ms)[0m  CREATE TABLE "users" ("id" INTEGER PRIMARY KEY AUTOINCREMENT NOT NULL, "name" varchar(255), "email" varchar(255), "created_at" datetime, "updated_at" datetime) 
  [1m[36mSQL (0.1ms)[0m  [1mINSERT INTO "schema_migrations" ("version") VALUES (?)[0m  [["version", "20150226201041"]]
  [1m[35m (1.8ms)[0m  commit transaction
Migrating to CreateCats (20150226201119)
  [1m[36m (0.1ms)[0m  [1mbegin transaction[0m
  [1m[35m (0.4ms)[0m  CREATE TABLE "cats" ("id" INTEGER PRIMARY KEY AUTOINCREMENT NOT NULL, "name" varchar(255)) 
  [1m[36mSQL (0.1ms)[0m  [1mINSERT INTO "schema_migrations" ("version") VALUES (?)[0m  [["version", "20150226201119"]]
  [1m[35m (1.9ms)[0m  commit transaction
  [1m[36mActiveRecord::SchemaMigration Load (0.2ms)[0m  [1mSELECT "schema_migrations".* FROM "schema_migrations"[0m
  [1m[36mActiveRecord::SchemaMigration Load (0.1ms)[0m  [1mSELECT "schema_migrations".* FROM "schema_migrations"[0m
  [1m[35mActiveRecord::SchemaMigration Load (0.1ms)[0m  SELECT "schema_migrations".* FROM "schema_migrations"
  [1m[36mActiveRecord::SchemaMigration Load (0.2ms)[0m  [1mSELECT "schema_migrations".* FROM "schema_migrations"[0m
Migrating to AddAgeToUsers (20151002031612)
  [1m[35m (0.1ms)[0m  begin transaction
  [1m[36m (1.1ms)[0m  [1mALTER TABLE "users" ADD "age" integer[0m
  [1m[35mSQL (0.2ms)[0m  INSERT INTO "schema_migrations" ("version") VALUES (?)  [["version", "20151002031612"]]
  [1m[36m (2.4ms)[0m  [1mcommit transaction[0m
  [1m[35mActiveRecord::SchemaMigration Load (0.1ms)[0m  SELECT "schema_migrations".* FROM "schema_migrations"
  [1m[36mActiveRecord::SchemaMigration Load (0.2ms)[0m  [1mSELECT "schema_migrations".* FROM "schema_migrations"[0m
Migrating to CreateDogs (20151002044828)
  [1m[35m (0.1ms)[0m  begin transaction
  [1m[36m (0.6ms)[0m  [1mCREATE TABLE "dogs" ("id" INTEGER PRIMARY KEY AUTOINCREMENT NOT NULL, "name" varchar(255), "breed" varchar(255), "created_at" datetime, "updated_at" datetime) [0m
  [1m[35mSQL (0.2ms)[0m  INSERT INTO "schema_migrations" ("version") VALUES (?)  [["version", "20151002044828"]]
  [1m[36m (1.7ms)[0m  [1mcommit transaction[0m
  [1m[35mActiveRecord::SchemaMigration Load (0.1ms)[0m  SELECT "schema_migrations".* FROM "schema_migrations"
  [1m[36mActiveRecord::SchemaMigration Load (0.3ms)[0m  [1mSELECT "schema_migrations".* FROM "schema_migrations"[0m
Migrating to CreateTodos (20151002045338)
  [1m[35m (0.1ms)[0m  begin transaction
  [1m[36m (0.8ms)[0m  [1mCREATE TABLE "todos" ("id" INTEGER PRIMARY KEY AUTOINCREMENT NOT NULL, "task" varchar(255), "description" varchar(255), "created_at" datetime, "updated_at" datetime) [0m
  [1m[35mSQL (0.3ms)[0m  INSERT INTO "schema_migrations" ("version") VALUES (?)  [["version", "20151002045338"]]
  [1m[36m (2.8ms)[0m  [1mcommit transaction[0m
  [1m[35mActiveRecord::SchemaMigration Load (0.3ms)[0m  SELECT "schema_migrations".* FROM "schema_migrations"
  [1m[36m (0.1ms)[0m  [1mbegin transaction[0m
  [1m[35mSQL (1.4ms)[0m  INSERT INTO "users" ("created_at", "email", "name", "updated_at") VALUES (?, ?, ?, ?)  [["created_at", "2015-10-02 05:10:15.506043"], ["email", "a@b.com"], ["name", "David"], ["updated_at", "2015-10-02 05:10:15.506043"]]
  [1m[36m (3.0ms)[0m  [1mcommit transaction[0m
  [1m[35m (0.0ms)[0m  begin transaction
  [1m[36mSQL (0.3ms)[0m  [1mINSERT INTO "cats" ("name") VALUES (?)[0m  [["name", "Snowball"]]
  [1m[35m (1.7ms)[0m  commit transaction
  [1m[36m (0.1ms)[0m  [1mbegin transaction[0m
  [1m[35mSQL (0.7ms)[0m  INSERT INTO "todos" ("created_at", "description", "task", "updated_at") VALUES (?, ?, ?, ?)  [["created_at", "2015-10-02 05:11:30.505431"], ["description", "gotta have macaroni"], ["task", "Buy macaroni"], ["updated_at", "2015-10-02 05:11:30.505431"]]
  [1m[36m (9.7ms)[0m  [1mcommit transaction[0m


Started GET "/" for 127.0.0.1 at 2015-10-01 22:12:03 -0700
  [1m[36mActiveRecord::SchemaMigration Load (0.2ms)[0m  [1mSELECT "schema_migrations".* FROM "schema_migrations"[0m
Processing by Rails::WelcomeController#index as HTML
  Rendered /Users/David/.rvm/gems/ruby-2.2.0@rails_decal/gems/railties-4.1.5/lib/rails/templates/rails/welcome/index.html.erb (3.2ms)
Completed 200 OK in 33ms (Views: 23.0ms | ActiveRecord: 0.0ms)


Started GET "/home" for 127.0.0.1 at 2015-10-01 22:12:09 -0700

AbstractController::ActionNotFound (The action 'index' could not be found for PagesController):
  actionpack (4.1.5) lib/abstract_controller/base.rb:131:in `process'
  actionview (4.1.5) lib/action_view/rendering.rb:30:in `process'
  actionpack (4.1.5) lib/action_controller/metal.rb:196:in `dispatch'
  actionpack (4.1.5) lib/action_controller/metal/rack_delegation.rb:13:in `dispatch'
  actionpack (4.1.5) lib/action_controller/metal.rb:232:in `block in action'
  actionpack (4.1.5) lib/action_dispatch/routing/route_set.rb:82:in `call'
  actionpack (4.1.5) lib/action_dispatch/routing/route_set.rb:82:in `dispatch'
  actionpack (4.1.5) lib/action_dispatch/routing/route_set.rb:50:in `call'
  actionpack (4.1.5) lib/action_dispatch/journey/router.rb:71:in `block in call'
  actionpack (4.1.5) lib/action_dispatch/journey/router.rb:59:in `each'
  actionpack (4.1.5) lib/action_dispatch/journey/router.rb:59:in `call'
  actionpack (4.1.5) lib/action_dispatch/routing/route_set.rb:678:in `call'
  rack (1.5.5) lib/rack/etag.rb:23:in `call'
  rack (1.5.5) lib/rack/conditionalget.rb:25:in `call'
  rack (1.5.5) lib/rack/head.rb:11:in `call'
  actionpack (4.1.5) lib/action_dispatch/middleware/params_parser.rb:27:in `call'
  actionpack (4.1.5) lib/action_dispatch/middleware/flash.rb:254:in `call'
  rack (1.5.5) lib/rack/session/abstract/id.rb:225:in `context'
  rack (1.5.5) lib/rack/session/abstract/id.rb:220:in `call'
  actionpack (4.1.5) lib/action_dispatch/middleware/cookies.rb:560:in `call'
  activerecord (4.1.5) lib/active_record/query_cache.rb:36:in `call'
  activerecord (4.1.5) lib/active_record/connection_adapters/abstract/connection_pool.rb:621:in `call'
  activerecord (4.1.5) lib/active_record/migration.rb:380:in `call'
  actionpack (4.1.5) lib/action_dispatch/middleware/callbacks.rb:29:in `block in call'
  activesupport (4.1.5) lib/active_support/callbacks.rb:82:in `run_callbacks'
  actionpack (4.1.5) lib/action_dispatch/middleware/callbacks.rb:27:in `call'
  actionpack (4.1.5) lib/action_dispatch/middleware/reloader.rb:73:in `call'
  actionpack (4.1.5) lib/action_dispatch/middleware/remote_ip.rb:76:in `call'
  actionpack (4.1.5) lib/action_dispatch/middleware/debug_exceptions.rb:17:in `call'
  web-console (2.2.1) lib/web_console/middleware.rb:39:in `call'
  actionpack (4.1.5) lib/action_dispatch/middleware/show_exceptions.rb:30:in `call'
  railties (4.1.5) lib/rails/rack/logger.rb:38:in `call_app'
  railties (4.1.5) lib/rails/rack/logger.rb:20:in `block in call'
  activesupport (4.1.5) lib/active_support/tagged_logging.rb:68:in `block in tagged'
  activesupport (4.1.5) lib/active_support/tagged_logging.rb:26:in `tagged'
  activesupport (4.1.5) lib/active_support/tagged_logging.rb:68:in `tagged'
  railties (4.1.5) lib/rails/rack/logger.rb:20:in `call'
  actionpack (4.1.5) lib/action_dispatch/middleware/request_id.rb:21:in `call'
  rack (1.5.5) lib/rack/methodoverride.rb:21:in `call'
  rack (1.5.5) lib/rack/runtime.rb:17:in `call'
  activesupport (4.1.5) lib/active_support/cache/strategy/local_cache_middleware.rb:26:in `call'
  rack (1.5.5) lib/rack/lock.rb:17:in `call'
  actionpack (4.1.5) lib/action_dispatch/middleware/static.rb:64:in `call'
  rack (1.5.5) lib/rack/sendfile.rb:112:in `call'
  railties (4.1.5) lib/rails/engine.rb:514:in `call'
  railties (4.1.5) lib/rails/application.rb:144:in `call'
  rack (1.5.5) lib/rack/lock.rb:17:in `call'
  rack (1.5.5) lib/rack/content_length.rb:14:in `call'
  rack (1.5.5) lib/rack/handler/webrick.rb:60:in `service'
  /Users/David/.rvm/rubies/ruby-2.2.0/lib/ruby/2.2.0/webrick/httpserver.rb:138:in `service'
  /Users/David/.rvm/rubies/ruby-2.2.0/lib/ruby/2.2.0/webrick/httpserver.rb:94:in `run'
  /Users/David/.rvm/rubies/ruby-2.2.0/lib/ruby/2.2.0/webrick/server.rb:294:in `block in start_thread'


  Rendered /Users/David/.rvm/gems/ruby-2.2.0@rails_decal/gems/actionpack-4.1.5/lib/action_dispatch/middleware/templates/rescues/unknown_action.html.erb within rescues/layout (0.4ms)
  Rendered /Users/David/.rvm/gems/ruby-2.2.0@rails_decal/gems/web-console-2.2.1/lib/web_console/templates/_markup.html.erb (0.5ms)
  Rendered /Users/David/.rvm/gems/ruby-2.2.0@rails_decal/gems/web-console-2.2.1/lib/web_console/templates/_inner_console_markup.html.erb within layouts/inlined_string (0.3ms)
  Rendered /Users/David/.rvm/gems/ruby-2.2.0@rails_decal/gems/web-console-2.2.1/lib/web_console/templates/_prompt_box_markup.html.erb within layouts/inlined_string (0.3ms)
  Rendered /Users/David/.rvm/gems/ruby-2.2.0@rails_decal/gems/web-console-2.2.1/lib/web_console/templates/style.css.erb within layouts/inlined_string (0.4ms)
  Rendered /Users/David/.rvm/gems/ruby-2.2.0@rails_decal/gems/web-console-2.2.1/lib/web_console/templates/console.js.erb within layouts/javascript (46.5ms)
  Rendered /Users/David/.rvm/gems/ruby-2.2.0@rails_decal/gems/web-console-2.2.1/lib/web_console/templates/main.js.erb within layouts/javascript (0.3ms)
  Rendered /Users/David/.rvm/gems/ruby-2.2.0@rails_decal/gems/web-console-2.2.1/lib/web_console/templates/error_page.js.erb within layouts/javascript (0.6ms)
  Rendered /Users/David/.rvm/gems/ruby-2.2.0@rails_decal/gems/web-console-2.2.1/lib/web_console/templates/index.html.erb (140.7ms)


Started GET "/home" for 127.0.0.1 at 2015-10-01 22:12:30 -0700
Processing by PagesController#index as HTML
Completed 500 Internal Server Error in 4ms

NameError (uninitialized constant PagesController::Cats):
  app/controllers/pages_controller.rb:4:in `index'


  Rendered /Users/David/.rvm/gems/ruby-2.2.0@rails_decal/gems/actionpack-4.1.5/lib/action_dispatch/middleware/templates/rescues/_source.erb (0.6ms)
  Rendered /Users/David/.rvm/gems/ruby-2.2.0@rails_decal/gems/actionpack-4.1.5/lib/action_dispatch/middleware/templates/rescues/_trace.html.erb (0.9ms)
  Rendered /Users/David/.rvm/gems/ruby-2.2.0@rails_decal/gems/actionpack-4.1.5/lib/action_dispatch/middleware/templates/rescues/_request_and_response.html.erb (0.8ms)
  Rendered /Users/David/.rvm/gems/ruby-2.2.0@rails_decal/gems/actionpack-4.1.5/lib/action_dispatch/middleware/templates/rescues/diagnostics.erb within rescues/layout (48.7ms)
  Rendered /Users/David/.rvm/gems/ruby-2.2.0@rails_decal/gems/web-console-2.2.1/lib/web_console/templates/_markup.html.erb (0.3ms)
  Rendered /Users/David/.rvm/gems/ruby-2.2.0@rails_decal/gems/web-console-2.2.1/lib/web_console/templates/_inner_console_markup.html.erb within layouts/inlined_string (0.3ms)
  Rendered /Users/David/.rvm/gems/ruby-2.2.0@rails_decal/gems/web-console-2.2.1/lib/web_console/templates/_prompt_box_markup.html.erb within layouts/inlined_string (0.3ms)
  Rendered /Users/David/.rvm/gems/ruby-2.2.0@rails_decal/gems/web-console-2.2.1/lib/web_console/templates/style.css.erb within layouts/inlined_string (0.4ms)
  Rendered /Users/David/.rvm/gems/ruby-2.2.0@rails_decal/gems/web-console-2.2.1/lib/web_console/templates/console.js.erb within layouts/javascript (38.9ms)
  Rendered /Users/David/.rvm/gems/ruby-2.2.0@rails_decal/gems/web-console-2.2.1/lib/web_console/templates/main.js.erb within layouts/javascript (0.3ms)
  Rendered /Users/David/.rvm/gems/ruby-2.2.0@rails_decal/gems/web-console-2.2.1/lib/web_console/templates/error_page.js.erb within layouts/javascript (0.4ms)
  Rendered /Users/David/.rvm/gems/ruby-2.2.0@rails_decal/gems/web-console-2.2.1/lib/web_console/templates/index.html.erb (85.3ms)


Started GET "/home" for 127.0.0.1 at 2015-10-01 22:12:50 -0700
Processing by PagesController#index as HTML
Completed 500 Internal Server Error in 4ms

NameError (uninitialized constant PagesController::Todos):
  app/controllers/pages_controller.rb:5:in `index'


  Rendered /Users/David/.rvm/gems/ruby-2.2.0@rails_decal/gems/actionpack-4.1.5/lib/action_dispatch/middleware/templates/rescues/_source.erb (0.5ms)
  Rendered /Users/David/.rvm/gems/ruby-2.2.0@rails_decal/gems/actionpack-4.1.5/lib/action_dispatch/middleware/templates/rescues/_trace.html.erb (1.6ms)
  Rendered /Users/David/.rvm/gems/ruby-2.2.0@rails_decal/gems/actionpack-4.1.5/lib/action_dispatch/middleware/templates/rescues/_request_and_response.html.erb (0.8ms)
  Rendered /Users/David/.rvm/gems/ruby-2.2.0@rails_decal/gems/actionpack-4.1.5/lib/action_dispatch/middleware/templates/rescues/diagnostics.erb within rescues/layout (43.3ms)
  Rendered /Users/David/.rvm/gems/ruby-2.2.0@rails_decal/gems/web-console-2.2.1/lib/web_console/templates/_markup.html.erb (0.2ms)
  Rendered /Users/David/.rvm/gems/ruby-2.2.0@rails_decal/gems/web-console-2.2.1/lib/web_console/templates/_inner_console_markup.html.erb within layouts/inlined_string (0.7ms)
  Rendered /Users/David/.rvm/gems/ruby-2.2.0@rails_decal/gems/web-console-2.2.1/lib/web_console/templates/_prompt_box_markup.html.erb within layouts/inlined_string (0.3ms)
  Rendered /Users/David/.rvm/gems/ruby-2.2.0@rails_decal/gems/web-console-2.2.1/lib/web_console/templates/style.css.erb within layouts/inlined_string (0.3ms)
  Rendered /Users/David/.rvm/gems/ruby-2.2.0@rails_decal/gems/web-console-2.2.1/lib/web_console/templates/console.js.erb within layouts/javascript (42.0ms)
  Rendered /Users/David/.rvm/gems/ruby-2.2.0@rails_decal/gems/web-console-2.2.1/lib/web_console/templates/main.js.erb within layouts/javascript (0.5ms)
  Rendered /Users/David/.rvm/gems/ruby-2.2.0@rails_decal/gems/web-console-2.2.1/lib/web_console/templates/error_page.js.erb within layouts/javascript (0.3ms)
  Rendered /Users/David/.rvm/gems/ruby-2.2.0@rails_decal/gems/web-console-2.2.1/lib/web_console/templates/index.html.erb (85.9ms)


Started GET "/home" for 127.0.0.1 at 2015-10-01 22:12:59 -0700
Processing by PagesController#index as HTML
Completed 500 Internal Server Error in 16ms

ActionView::MissingTemplate (Missing template pages/index, application/index with {:locale=>[:en], :formats=>[:html], :variants=>[], :handlers=>[:erb, :builder, :raw, :ruby, :coffee, :jbuilder]}. Searched in:
  * "/Users/David/Desktop/rails_decal/hw3/app/views"
):
  actionview (4.1.5) lib/action_view/path_set.rb:46:in `find'
  actionview (4.1.5) lib/action_view/lookup_context.rb:124:in `find'
  actionview (4.1.5) lib/action_view/renderer/abstract_renderer.rb:18:in `find_template'
  actionview (4.1.5) lib/action_view/renderer/template_renderer.rb:41:in `determine_template'
  actionview (4.1.5) lib/action_view/renderer/template_renderer.rb:8:in `render'
  actionview (4.1.5) lib/action_view/renderer/renderer.rb:42:in `render_template'
  actionview (4.1.5) lib/action_view/renderer/renderer.rb:23:in `render'
  actionview (4.1.5) lib/action_view/rendering.rb:99:in `_render_template'
  actionpack (4.1.5) lib/action_controller/metal/streaming.rb:217:in `_render_template'
  actionview (4.1.5) lib/action_view/rendering.rb:82:in `render_to_body'
  actionpack (4.1.5) lib/action_controller/metal/rendering.rb:32:in `render_to_body'
  actionpack (4.1.5) lib/action_controller/metal/renderers.rb:32:in `render_to_body'
  actionpack (4.1.5) lib/abstract_controller/rendering.rb:25:in `render'
  actionpack (4.1.5) lib/action_controller/metal/rendering.rb:16:in `render'
  actionpack (4.1.5) lib/action_controller/metal/instrumentation.rb:41:in `block (2 levels) in render'
  activesupport (4.1.5) lib/active_support/core_ext/benchmark.rb:12:in `block in ms'
  /Users/David/.rvm/rubies/ruby-2.2.0/lib/ruby/2.2.0/benchmark.rb:303:in `realtime'
  activesupport (4.1.5) lib/active_support/core_ext/benchmark.rb:12:in `ms'
  actionpack (4.1.5) lib/action_controller/metal/instrumentation.rb:41:in `block in render'
  actionpack (4.1.5) lib/action_controller/metal/instrumentation.rb:84:in `cleanup_view_runtime'
  activerecord (4.1.5) lib/active_record/railties/controller_runtime.rb:25:in `cleanup_view_runtime'
  actionpack (4.1.5) lib/action_controller/metal/instrumentation.rb:40:in `render'
  actionpack (4.1.5) lib/action_controller/metal/implicit_render.rb:10:in `default_render'
  actionpack (4.1.5) lib/action_controller/metal/implicit_render.rb:5:in `send_action'
  actionpack (4.1.5) lib/abstract_controller/base.rb:189:in `process_action'
  actionpack (4.1.5) lib/action_controller/metal/rendering.rb:10:in `process_action'
  actionpack (4.1.5) lib/abstract_controller/callbacks.rb:20:in `block in process_action'
  activesupport (4.1.5) lib/active_support/callbacks.rb:113:in `call'
  activesupport (4.1.5) lib/active_support/callbacks.rb:113:in `call'
  activesupport (4.1.5) lib/active_support/callbacks.rb:229:in `block in halting'
  activesupport (4.1.5) lib/active_support/callbacks.rb:229:in `call'
  activesupport (4.1.5) lib/active_support/callbacks.rb:229:in `block in halting'
  activesupport (4.1.5) lib/active_support/callbacks.rb:166:in `call'
  activesupport (4.1.5) lib/active_support/callbacks.rb:166:in `block in halting'
  activesupport (4.1.5) lib/active_support/callbacks.rb:166:in `call'
  activesupport (4.1.5) lib/active_support/callbacks.rb:166:in `block in halting'
  activesupport (4.1.5) lib/active_support/callbacks.rb:166:in `call'
  activesupport (4.1.5) lib/active_support/callbacks.rb:166:in `block in halting'
  activesupport (4.1.5) lib/active_support/callbacks.rb:86:in `call'
  activesupport (4.1.5) lib/active_support/callbacks.rb:86:in `run_callbacks'
  actionpack (4.1.5) lib/abstract_controller/callbacks.rb:19:in `process_action'
  actionpack (4.1.5) lib/action_controller/metal/rescue.rb:29:in `process_action'
  actionpack (4.1.5) lib/action_controller/metal/instrumentation.rb:31:in `block in process_action'
  activesupport (4.1.5) lib/active_support/notifications.rb:159:in `block in instrument'
  activesupport (4.1.5) lib/active_support/notifications/instrumenter.rb:20:in `instrument'
  activesupport (4.1.5) lib/active_support/notifications.rb:159:in `instrument'
  actionpack (4.1.5) lib/action_controller/metal/instrumentation.rb:30:in `process_action'
  actionpack (4.1.5) lib/action_controller/metal/params_wrapper.rb:250:in `process_action'
  activerecord (4.1.5) lib/active_record/railties/controller_runtime.rb:18:in `process_action'
  actionpack (4.1.5) lib/abstract_controller/base.rb:136:in `process'
  actionview (4.1.5) lib/action_view/rendering.rb:30:in `process'
  actionpack (4.1.5) lib/action_controller/metal.rb:196:in `dispatch'
  actionpack (4.1.5) lib/action_controller/metal/rack_delegation.rb:13:in `dispatch'
  actionpack (4.1.5) lib/action_controller/metal.rb:232:in `block in action'
  actionpack (4.1.5) lib/action_dispatch/routing/route_set.rb:82:in `call'
  actionpack (4.1.5) lib/action_dispatch/routing/route_set.rb:82:in `dispatch'
  actionpack (4.1.5) lib/action_dispatch/routing/route_set.rb:50:in `call'
  actionpack (4.1.5) lib/action_dispatch/journey/router.rb:71:in `block in call'
  actionpack (4.1.5) lib/action_dispatch/journey/router.rb:59:in `each'
  actionpack (4.1.5) lib/action_dispatch/journey/router.rb:59:in `call'
  actionpack (4.1.5) lib/action_dispatch/routing/route_set.rb:678:in `call'
  rack (1.5.5) lib/rack/etag.rb:23:in `call'
  rack (1.5.5) lib/rack/conditionalget.rb:25:in `call'
  rack (1.5.5) lib/rack/head.rb:11:in `call'
  actionpack (4.1.5) lib/action_dispatch/middleware/params_parser.rb:27:in `call'
  actionpack (4.1.5) lib/action_dispatch/middleware/flash.rb:254:in `call'
  rack (1.5.5) lib/rack/session/abstract/id.rb:225:in `context'
  rack (1.5.5) lib/rack/session/abstract/id.rb:220:in `call'
  actionpack (4.1.5) lib/action_dispatch/middleware/cookies.rb:560:in `call'
  activerecord (4.1.5) lib/active_record/query_cache.rb:36:in `call'
  activerecord (4.1.5) lib/active_record/connection_adapters/abstract/connection_pool.rb:621:in `call'
  activerecord (4.1.5) lib/active_record/migration.rb:380:in `call'
  actionpack (4.1.5) lib/action_dispatch/middleware/callbacks.rb:29:in `block in call'
  activesupport (4.1.5) lib/active_support/callbacks.rb:82:in `run_callbacks'
  actionpack (4.1.5) lib/action_dispatch/middleware/callbacks.rb:27:in `call'
  actionpack (4.1.5) lib/action_dispatch/middleware/reloader.rb:73:in `call'
  actionpack (4.1.5) lib/action_dispatch/middleware/remote_ip.rb:76:in `call'
  actionpack (4.1.5) lib/action_dispatch/middleware/debug_exceptions.rb:17:in `call'
  web-console (2.2.1) lib/web_console/middleware.rb:39:in `call'
  actionpack (4.1.5) lib/action_dispatch/middleware/show_exceptions.rb:30:in `call'
  railties (4.1.5) lib/rails/rack/logger.rb:38:in `call_app'
  railties (4.1.5) lib/rails/rack/logger.rb:20:in `block in call'
  activesupport (4.1.5) lib/active_support/tagged_logging.rb:68:in `block in tagged'
  activesupport (4.1.5) lib/active_support/tagged_logging.rb:26:in `tagged'
  activesupport (4.1.5) lib/active_support/tagged_logging.rb:68:in `tagged'
  railties (4.1.5) lib/rails/rack/logger.rb:20:in `call'
  actionpack (4.1.5) lib/action_dispatch/middleware/request_id.rb:21:in `call'
  rack (1.5.5) lib/rack/methodoverride.rb:21:in `call'
  rack (1.5.5) lib/rack/runtime.rb:17:in `call'
  activesupport (4.1.5) lib/active_support/cache/strategy/local_cache_middleware.rb:26:in `call'
  rack (1.5.5) lib/rack/lock.rb:17:in `call'
  actionpack (4.1.5) lib/action_dispatch/middleware/static.rb:64:in `call'
  rack (1.5.5) lib/rack/sendfile.rb:112:in `call'
  railties (4.1.5) lib/rails/engine.rb:514:in `call'
  railties (4.1.5) lib/rails/application.rb:144:in `call'
  rack (1.5.5) lib/rack/lock.rb:17:in `call'
  rack (1.5.5) lib/rack/content_length.rb:14:in `call'
  rack (1.5.5) lib/rack/handler/webrick.rb:60:in `service'
  /Users/David/.rvm/rubies/ruby-2.2.0/lib/ruby/2.2.0/webrick/httpserver.rb:138:in `service'
  /Users/David/.rvm/rubies/ruby-2.2.0/lib/ruby/2.2.0/webrick/httpserver.rb:94:in `run'
  /Users/David/.rvm/rubies/ruby-2.2.0/lib/ruby/2.2.0/webrick/server.rb:294:in `block in start_thread'


  Rendered /Users/David/.rvm/gems/ruby-2.2.0@rails_decal/gems/actionpack-4.1.5/lib/action_dispatch/middleware/templates/rescues/missing_template.html.erb within rescues/layout (0.4ms)
  Rendered /Users/David/.rvm/gems/ruby-2.2.0@rails_decal/gems/web-console-2.2.1/lib/web_console/templates/_markup.html.erb (0.3ms)
  Rendered /Users/David/.rvm/gems/ruby-2.2.0@rails_decal/gems/web-console-2.2.1/lib/web_console/templates/_inner_console_markup.html.erb within layouts/inlined_string (0.2ms)
  Rendered /Users/David/.rvm/gems/ruby-2.2.0@rails_decal/gems/web-console-2.2.1/lib/web_console/templates/_prompt_box_markup.html.erb within layouts/inlined_string (0.3ms)
  Rendered /Users/David/.rvm/gems/ruby-2.2.0@rails_decal/gems/web-console-2.2.1/lib/web_console/templates/style.css.erb within layouts/inlined_string (0.3ms)
  Rendered /Users/David/.rvm/gems/ruby-2.2.0@rails_decal/gems/web-console-2.2.1/lib/web_console/templates/console.js.erb within layouts/javascript (42.7ms)
  Rendered /Users/David/.rvm/gems/ruby-2.2.0@rails_decal/gems/web-console-2.2.1/lib/web_console/templates/main.js.erb within layouts/javascript (0.4ms)
  Rendered /Users/David/.rvm/gems/ruby-2.2.0@rails_decal/gems/web-console-2.2.1/lib/web_console/templates/error_page.js.erb within layouts/javascript (0.4ms)
  Rendered /Users/David/.rvm/gems/ruby-2.2.0@rails_decal/gems/web-console-2.2.1/lib/web_console/templates/index.html.erb (96.3ms)


Started GET "/home" for 127.0.0.1 at 2015-10-01 22:14:04 -0700
Processing by PagesController#index as HTML
  [1m[35mUser Load (7.8ms)[0m  SELECT "users".* FROM "users"
  [1m[36mCat Load (0.5ms)[0m  [1mSELECT "cats".* FROM "cats"[0m
  [1m[35mTodo Load (0.1ms)[0m  SELECT "todos".* FROM "todos"
  Rendered pages/index.html.erb within layouts/application (17.6ms)
Completed 200 OK in 1335ms (Views: 1323.1ms | ActiveRecord: 9.3ms)


Started GET "/assets/application.self-e80e8f2318043e8af94dddc2adad5a4f09739a8ebb323b3ab31cd71d45fd9113.css?body=1" for 127.0.0.1 at 2015-10-01 22:14:05 -0700


Started GET "/assets/jquery.self-4c7649dd655c61cb850cfd2e71f937c3bbf3e3a752a3499ed8bb9884473fe1dd.js?body=1" for 127.0.0.1 at 2015-10-01 22:14:05 -0700


Started GET "/assets/jquery_ujs.self-82819b9f2de121124a614eeab50287468ad6f4b1ef4437925a7832ffbdf2cce9.js?body=1" for 127.0.0.1 at 2015-10-01 22:14:05 -0700


Started GET "/assets/turbolinks.self-c37727e9bd6b2735da5c311aa83fead54ed0be6cc8bd9a65309e9c5abe2cbfff.js?body=1" for 127.0.0.1 at 2015-10-01 22:14:05 -0700


Started GET "/assets/application.self-3a3c8b61bda630ee689740ce7cbd0dd8ea6fdd45e2c42eef4661ab38cf268afe.js?body=1" for 127.0.0.1 at 2015-10-01 22:14:05 -0700
