  [1m[36m (2.9ms)[0m  [1mCREATE TABLE "schema_migrations" ("version" varchar(255) NOT NULL) [0m
  [1m[35m (0.1ms)[0m  select sqlite_version(*)
  [1m[36m (2.9ms)[0m  [1mCREATE UNIQUE INDEX "unique_schema_migrations" ON "schema_migrations" ("version")[0m
  [1m[35mActiveRecord::SchemaMigration Load (0.2ms)[0m  SELECT "schema_migrations".* FROM "schema_migrations"
Migrating to CreateUsers (20150302232135)
  [1m[36m (0.1ms)[0m  [1mbegin transaction[0m
  [1m[35m (1.3ms)[0m  CREATE TABLE "users" ("id" INTEGER PRIMARY KEY AUTOINCREMENT NOT NULL, "name" varchar(255), "email" varchar(255), "created_at" datetime, "updated_at" datetime) 
  [1m[36mSQL (0.3ms)[0m  [1mINSERT INTO "schema_migrations" ("version") VALUES (?)[0m  [["version", "20150302232135"]]
  [1m[35m (2.6ms)[0m  commit transaction
Migrating to CreateDogs (20151009041235)
  [1m[36m (0.1ms)[0m  [1mbegin transaction[0m
  [1m[35m (0.1ms)[0m  rollback transaction
  [1m[36mActiveRecord::SchemaMigration Load (0.2ms)[0m  [1mSELECT "schema_migrations".* FROM "schema_migrations"[0m
Migrating to CreateDogs (20151009041235)
  [1m[35m (0.1ms)[0m  begin transaction
  [1m[36m (0.7ms)[0m  [1mCREATE TABLE "dogs" ("id" INTEGER PRIMARY KEY AUTOINCREMENT NOT NULL, "name" varchar(255), "age" integer, "created_at" datetime, "updated_at" datetime) [0m
  [1m[35mSQL (0.4ms)[0m  INSERT INTO "schema_migrations" ("version") VALUES (?)  [["version", "20151009041235"]]
  [1m[36m (2.9ms)[0m  [1mcommit transaction[0m
  [1m[35mActiveRecord::SchemaMigration Load (0.1ms)[0m  SELECT "schema_migrations".* FROM "schema_migrations"


Started GET "/" for 127.0.0.1 at 2015-10-08 21:49:09 -0700
  [1m[36mActiveRecord::SchemaMigration Load (0.2ms)[0m  [1mSELECT "schema_migrations".* FROM "schema_migrations"[0m
Processing by Rails::WelcomeController#index as HTML
  Rendered /Users/David/.rvm/gems/ruby-2.2.0@rails_decal/gems/railties-4.1.5/lib/rails/templates/rails/welcome/index.html.erb (5.0ms)
Completed 200 OK in 33ms (Views: 24.4ms | ActiveRecord: 0.0ms)


Started GET "/dogs/new" for 127.0.0.1 at 2015-10-08 21:49:15 -0700
Processing by DogsController#show as HTML
  Parameters: {"id"=>"new"}
  [1m[35mUser Load (0.1ms)[0m  SELECT  "users".* FROM "users"  WHERE "users"."id" = ? LIMIT 1  [["id", 0]]
Completed 404 Not Found in 5ms

ActiveRecord::RecordNotFound (Couldn't find User with 'id'=new):
  app/controllers/dogs_controller.rb:20:in `show'


  Rendered /Users/David/.rvm/gems/ruby-2.2.0@rails_decal/gems/actionpack-4.1.5/lib/action_dispatch/middleware/templates/rescues/_source.erb (0.6ms)
  Rendered /Users/David/.rvm/gems/ruby-2.2.0@rails_decal/gems/actionpack-4.1.5/lib/action_dispatch/middleware/templates/rescues/_trace.html.erb (0.9ms)
  Rendered /Users/David/.rvm/gems/ruby-2.2.0@rails_decal/gems/actionpack-4.1.5/lib/action_dispatch/middleware/templates/rescues/_request_and_response.html.erb (0.8ms)
  Rendered /Users/David/.rvm/gems/ruby-2.2.0@rails_decal/gems/actionpack-4.1.5/lib/action_dispatch/middleware/templates/rescues/diagnostics.erb within rescues/layout (47.4ms)
  Rendered /Users/David/.rvm/gems/ruby-2.2.0@rails_decal/gems/web-console-2.1.0/lib/web_console/templates/_markup.html (0.3ms)
  Rendered /Users/David/.rvm/gems/ruby-2.2.0@rails_decal/gems/web-console-2.1.0/lib/web_console/templates/style.css within layouts/inlined_string (0.3ms)
  Rendered /Users/David/.rvm/gems/ruby-2.2.0@rails_decal/gems/web-console-2.1.0/lib/web_console/templates/_inner_console_markup.html within layouts/inlined_string (0.3ms)
  Rendered /Users/David/.rvm/gems/ruby-2.2.0@rails_decal/gems/web-console-2.1.0/lib/web_console/templates/_prompt_box_markup.html within layouts/inlined_string (0.3ms)
  Rendered /Users/David/.rvm/gems/ruby-2.2.0@rails_decal/gems/web-console-2.1.0/lib/web_console/templates/console.js within layouts/javascript (53.9ms)
  Rendered /Users/David/.rvm/gems/ruby-2.2.0@rails_decal/gems/web-console-2.1.0/lib/web_console/templates/main.js within layouts/javascript (0.3ms)
  Rendered /Users/David/.rvm/gems/ruby-2.2.0@rails_decal/gems/web-console-2.1.0/lib/web_console/templates/error_page.js within layouts/javascript (0.5ms)
  Rendered /Users/David/.rvm/gems/ruby-2.2.0@rails_decal/gems/web-console-2.1.0/lib/web_console/templates/index.html (142.8ms)


Started GET "/dogs" for 127.0.0.1 at 2015-10-08 21:49:23 -0700
Processing by DogsController#index as HTML
  Rendered dogs/index.html.erb within layouts/application (2.6ms)
Completed 500 Internal Server Error in 11ms

ActionView::Template::Error (undefined method `each' for nil:NilClass):
    1: <h1>Dogs in the Database</h1>
    2: <% @dog.each do |d| %> <!-- Iterates through each user under the variable u -->
    3:   Name: <p> <%= d.name %> </p> <!-- Show the users name-->
    4:   Age : <p> <%= d.age %> </p> <!-- Show the users email -->
    5: <% end %>
  app/views/dogs/index.html.erb:2:in `_app_views_dogs_index_html_erb___17495843780260898_70118426225680'


  Rendered /Users/David/.rvm/gems/ruby-2.2.0@rails_decal/gems/actionpack-4.1.5/lib/action_dispatch/middleware/templates/rescues/_trace.html.erb (1.0ms)
  Rendered /Users/David/.rvm/gems/ruby-2.2.0@rails_decal/gems/actionpack-4.1.5/lib/action_dispatch/middleware/templates/rescues/_request_and_response.html.erb (0.8ms)
  Rendered /Users/David/.rvm/gems/ruby-2.2.0@rails_decal/gems/actionpack-4.1.5/lib/action_dispatch/middleware/templates/rescues/template_error.html.erb within rescues/layout (34.7ms)
  Rendered /Users/David/.rvm/gems/ruby-2.2.0@rails_decal/gems/web-console-2.1.0/lib/web_console/templates/_markup.html (0.5ms)
  Rendered /Users/David/.rvm/gems/ruby-2.2.0@rails_decal/gems/web-console-2.1.0/lib/web_console/templates/style.css within layouts/inlined_string (0.3ms)
  Rendered /Users/David/.rvm/gems/ruby-2.2.0@rails_decal/gems/web-console-2.1.0/lib/web_console/templates/_inner_console_markup.html within layouts/inlined_string (0.3ms)
  Rendered /Users/David/.rvm/gems/ruby-2.2.0@rails_decal/gems/web-console-2.1.0/lib/web_console/templates/_prompt_box_markup.html within layouts/inlined_string (0.3ms)
  Rendered /Users/David/.rvm/gems/ruby-2.2.0@rails_decal/gems/web-console-2.1.0/lib/web_console/templates/console.js within layouts/javascript (38.0ms)
  Rendered /Users/David/.rvm/gems/ruby-2.2.0@rails_decal/gems/web-console-2.1.0/lib/web_console/templates/main.js within layouts/javascript (0.2ms)
  Rendered /Users/David/.rvm/gems/ruby-2.2.0@rails_decal/gems/web-console-2.1.0/lib/web_console/templates/error_page.js within layouts/javascript (0.3ms)
  Rendered /Users/David/.rvm/gems/ruby-2.2.0@rails_decal/gems/web-console-2.1.0/lib/web_console/templates/index.html (84.4ms)


Started GET "/dogs" for 127.0.0.1 at 2015-10-08 21:51:00 -0700
Processing by DogsController#index as HTML
  Rendered dogs/index.html.erb within layouts/application (2.6ms)
Completed 500 Internal Server Error in 6ms

ActionView::Template::Error (undefined method `each' for nil:NilClass):
    1: <h1>Dogs in the Database</h1>
    2: <% @dog.each do |d| %> <!-- Iterates through each user under the variable u -->
    3:   Name: <p> <%= d.name %> </p> <!-- Show the users name-->
    4:   Age : <p> <%= d.age %> </p> <!-- Show the users email -->
    5: <% end %>
  app/views/dogs/index.html.erb:2:in `_app_views_dogs_index_html_erb___17495843780260898_70118426225680'


  Rendered /Users/David/.rvm/gems/ruby-2.2.0@rails_decal/gems/actionpack-4.1.5/lib/action_dispatch/middleware/templates/rescues/_trace.html.erb (2.0ms)
  Rendered /Users/David/.rvm/gems/ruby-2.2.0@rails_decal/gems/actionpack-4.1.5/lib/action_dispatch/middleware/templates/rescues/_request_and_response.html.erb (0.7ms)
  Rendered /Users/David/.rvm/gems/ruby-2.2.0@rails_decal/gems/actionpack-4.1.5/lib/action_dispatch/middleware/templates/rescues/template_error.html.erb within rescues/layout (36.2ms)
  Rendered /Users/David/.rvm/gems/ruby-2.2.0@rails_decal/gems/web-console-2.1.0/lib/web_console/templates/_markup.html (0.3ms)
  Rendered /Users/David/.rvm/gems/ruby-2.2.0@rails_decal/gems/web-console-2.1.0/lib/web_console/templates/style.css within layouts/inlined_string (0.3ms)
  Rendered /Users/David/.rvm/gems/ruby-2.2.0@rails_decal/gems/web-console-2.1.0/lib/web_console/templates/_inner_console_markup.html within layouts/inlined_string (0.2ms)
  Rendered /Users/David/.rvm/gems/ruby-2.2.0@rails_decal/gems/web-console-2.1.0/lib/web_console/templates/_prompt_box_markup.html within layouts/inlined_string (0.3ms)
  Rendered /Users/David/.rvm/gems/ruby-2.2.0@rails_decal/gems/web-console-2.1.0/lib/web_console/templates/console.js within layouts/javascript (36.7ms)
  Rendered /Users/David/.rvm/gems/ruby-2.2.0@rails_decal/gems/web-console-2.1.0/lib/web_console/templates/main.js within layouts/javascript (0.3ms)
  Rendered /Users/David/.rvm/gems/ruby-2.2.0@rails_decal/gems/web-console-2.1.0/lib/web_console/templates/error_page.js within layouts/javascript (0.3ms)
  Rendered /Users/David/.rvm/gems/ruby-2.2.0@rails_decal/gems/web-console-2.1.0/lib/web_console/templates/index.html (82.6ms)


Started GET "/dogs" for 127.0.0.1 at 2015-10-08 21:51:02 -0700
Processing by DogsController#index as HTML
  Rendered dogs/index.html.erb within layouts/application (1.6ms)
Completed 500 Internal Server Error in 4ms

ActionView::Template::Error (undefined method `each' for nil:NilClass):
    1: <h1>Dogs in the Database</h1>
    2: <% @dog.each do |d| %> <!-- Iterates through each user under the variable u -->
    3:   Name: <p> <%= d.name %> </p> <!-- Show the users name-->
    4:   Age : <p> <%= d.age %> </p> <!-- Show the users email -->
    5: <% end %>
  app/views/dogs/index.html.erb:2:in `_app_views_dogs_index_html_erb___17495843780260898_70118426225680'


  Rendered /Users/David/.rvm/gems/ruby-2.2.0@rails_decal/gems/actionpack-4.1.5/lib/action_dispatch/middleware/templates/rescues/_trace.html.erb (1.0ms)
  Rendered /Users/David/.rvm/gems/ruby-2.2.0@rails_decal/gems/actionpack-4.1.5/lib/action_dispatch/middleware/templates/rescues/_request_and_response.html.erb (1.5ms)
  Rendered /Users/David/.rvm/gems/ruby-2.2.0@rails_decal/gems/actionpack-4.1.5/lib/action_dispatch/middleware/templates/rescues/template_error.html.erb within rescues/layout (30.0ms)
  Rendered /Users/David/.rvm/gems/ruby-2.2.0@rails_decal/gems/web-console-2.1.0/lib/web_console/templates/_markup.html (0.3ms)
  Rendered /Users/David/.rvm/gems/ruby-2.2.0@rails_decal/gems/web-console-2.1.0/lib/web_console/templates/style.css within layouts/inlined_string (0.3ms)
  Rendered /Users/David/.rvm/gems/ruby-2.2.0@rails_decal/gems/web-console-2.1.0/lib/web_console/templates/_inner_console_markup.html within layouts/inlined_string (0.2ms)
  Rendered /Users/David/.rvm/gems/ruby-2.2.0@rails_decal/gems/web-console-2.1.0/lib/web_console/templates/_prompt_box_markup.html within layouts/inlined_string (0.2ms)
  Rendered /Users/David/.rvm/gems/ruby-2.2.0@rails_decal/gems/web-console-2.1.0/lib/web_console/templates/console.js within layouts/javascript (35.1ms)
  Rendered /Users/David/.rvm/gems/ruby-2.2.0@rails_decal/gems/web-console-2.1.0/lib/web_console/templates/main.js within layouts/javascript (0.3ms)
  Rendered /Users/David/.rvm/gems/ruby-2.2.0@rails_decal/gems/web-console-2.1.0/lib/web_console/templates/error_page.js within layouts/javascript (0.4ms)
  Rendered /Users/David/.rvm/gems/ruby-2.2.0@rails_decal/gems/web-console-2.1.0/lib/web_console/templates/index.html (84.9ms)


Started GET "/dogs" for 127.0.0.1 at 2015-10-08 21:52:02 -0700
Processing by DogsController#index as HTML
  [1m[36mDog Load (0.2ms)[0m  [1mSELECT "dogs".* FROM "dogs"[0m
  Rendered dogs/index.html.erb within layouts/application (1.2ms)
Completed 200 OK in 1472ms (Views: 1470.8ms | ActiveRecord: 0.2ms)


Started GET "/assets/users-64e62ddc273c2f5847f30d698ca14b67.css?body=1" for 127.0.0.1 at 2015-10-08 21:52:04 -0700


Started GET "/assets/application-5266d2988799ecc8fe6e81eaab412e7d.css?body=1" for 127.0.0.1 at 2015-10-08 21:52:04 -0700


Started GET "/assets/jquery-5c8e9a5f2706a5ae36c57c9b8b1693b8.js?body=1" for 127.0.0.1 at 2015-10-08 21:52:04 -0700


Started GET "/assets/jquery_ujs-8163409ac89d9587bb33a62f6f74d283.js?body=1" for 127.0.0.1 at 2015-10-08 21:52:04 -0700


Started GET "/assets/turbolinks-f87b3583ca50adb0488b031297f5580d.js?body=1" for 127.0.0.1 at 2015-10-08 21:52:04 -0700


Started GET "/assets/users-fcec5b5a277ac7c20cc9f45a209a3bcd.js?body=1" for 127.0.0.1 at 2015-10-08 21:52:04 -0700


Started GET "/assets/application-3389a58e893ccfa951d3de92bab997b0.js?body=1" for 127.0.0.1 at 2015-10-08 21:52:04 -0700


Started GET "/dogs/new" for 127.0.0.1 at 2015-10-08 21:52:05 -0700
Processing by DogsController#show as HTML
  Parameters: {"id"=>"new"}
  [1m[35mUser Load (0.3ms)[0m  SELECT  "users".* FROM "users"  WHERE "users"."id" = ? LIMIT 1  [["id", 0]]
Completed 404 Not Found in 7ms

ActiveRecord::RecordNotFound (Couldn't find User with 'id'=new):
  app/controllers/dogs_controller.rb:20:in `show'


  Rendered /Users/David/.rvm/gems/ruby-2.2.0@rails_decal/gems/actionpack-4.1.5/lib/action_dispatch/middleware/templates/rescues/_source.erb (0.6ms)
  Rendered /Users/David/.rvm/gems/ruby-2.2.0@rails_decal/gems/actionpack-4.1.5/lib/action_dispatch/middleware/templates/rescues/_trace.html.erb (1.2ms)
  Rendered /Users/David/.rvm/gems/ruby-2.2.0@rails_decal/gems/actionpack-4.1.5/lib/action_dispatch/middleware/templates/rescues/_request_and_response.html.erb (1.0ms)
  Rendered /Users/David/.rvm/gems/ruby-2.2.0@rails_decal/gems/actionpack-4.1.5/lib/action_dispatch/middleware/templates/rescues/diagnostics.erb within rescues/layout (40.9ms)
  Rendered /Users/David/.rvm/gems/ruby-2.2.0@rails_decal/gems/web-console-2.1.0/lib/web_console/templates/_markup.html (0.3ms)
  Rendered /Users/David/.rvm/gems/ruby-2.2.0@rails_decal/gems/web-console-2.1.0/lib/web_console/templates/style.css within layouts/inlined_string (0.6ms)
  Rendered /Users/David/.rvm/gems/ruby-2.2.0@rails_decal/gems/web-console-2.1.0/lib/web_console/templates/_inner_console_markup.html within layouts/inlined_string (0.2ms)
  Rendered /Users/David/.rvm/gems/ruby-2.2.0@rails_decal/gems/web-console-2.1.0/lib/web_console/templates/_prompt_box_markup.html within layouts/inlined_string (0.3ms)
  Rendered /Users/David/.rvm/gems/ruby-2.2.0@rails_decal/gems/web-console-2.1.0/lib/web_console/templates/console.js within layouts/javascript (43.5ms)
  Rendered /Users/David/.rvm/gems/ruby-2.2.0@rails_decal/gems/web-console-2.1.0/lib/web_console/templates/main.js within layouts/javascript (0.3ms)
  Rendered /Users/David/.rvm/gems/ruby-2.2.0@rails_decal/gems/web-console-2.1.0/lib/web_console/templates/error_page.js within layouts/javascript (0.3ms)
  Rendered /Users/David/.rvm/gems/ruby-2.2.0@rails_decal/gems/web-console-2.1.0/lib/web_console/templates/index.html (90.5ms)


Started GET "/dogs/new" for 127.0.0.1 at 2015-10-08 21:52:06 -0700
Processing by DogsController#show as HTML
  Parameters: {"id"=>"new"}
  [1m[36mUser Load (0.1ms)[0m  [1mSELECT  "users".* FROM "users"  WHERE "users"."id" = ? LIMIT 1[0m  [["id", 0]]
Completed 404 Not Found in 2ms

ActiveRecord::RecordNotFound (Couldn't find User with 'id'=new):
  app/controllers/dogs_controller.rb:20:in `show'


  Rendered /Users/David/.rvm/gems/ruby-2.2.0@rails_decal/gems/actionpack-4.1.5/lib/action_dispatch/middleware/templates/rescues/_source.erb (0.7ms)
  Rendered /Users/David/.rvm/gems/ruby-2.2.0@rails_decal/gems/actionpack-4.1.5/lib/action_dispatch/middleware/templates/rescues/_trace.html.erb (1.1ms)
  Rendered /Users/David/.rvm/gems/ruby-2.2.0@rails_decal/gems/actionpack-4.1.5/lib/action_dispatch/middleware/templates/rescues/_request_and_response.html.erb (1.6ms)
  Rendered /Users/David/.rvm/gems/ruby-2.2.0@rails_decal/gems/actionpack-4.1.5/lib/action_dispatch/middleware/templates/rescues/diagnostics.erb within rescues/layout (45.4ms)
  Rendered /Users/David/.rvm/gems/ruby-2.2.0@rails_decal/gems/web-console-2.1.0/lib/web_console/templates/_markup.html (0.4ms)
  Rendered /Users/David/.rvm/gems/ruby-2.2.0@rails_decal/gems/web-console-2.1.0/lib/web_console/templates/style.css within layouts/inlined_string (0.6ms)
  Rendered /Users/David/.rvm/gems/ruby-2.2.0@rails_decal/gems/web-console-2.1.0/lib/web_console/templates/_inner_console_markup.html within layouts/inlined_string (0.4ms)
  Rendered /Users/David/.rvm/gems/ruby-2.2.0@rails_decal/gems/web-console-2.1.0/lib/web_console/templates/_prompt_box_markup.html within layouts/inlined_string (0.7ms)
  Rendered /Users/David/.rvm/gems/ruby-2.2.0@rails_decal/gems/web-console-2.1.0/lib/web_console/templates/console.js within layouts/javascript (45.6ms)
  Rendered /Users/David/.rvm/gems/ruby-2.2.0@rails_decal/gems/web-console-2.1.0/lib/web_console/templates/main.js within layouts/javascript (0.4ms)
  Rendered /Users/David/.rvm/gems/ruby-2.2.0@rails_decal/gems/web-console-2.1.0/lib/web_console/templates/error_page.js within layouts/javascript (0.3ms)
  Rendered /Users/David/.rvm/gems/ruby-2.2.0@rails_decal/gems/web-console-2.1.0/lib/web_console/templates/index.html (93.2ms)


Started GET "/dogs/new" for 127.0.0.1 at 2015-10-08 21:52:37 -0700
Processing by DogsController#show as HTML
  Parameters: {"id"=>"new"}
  [1m[35mUser Load (0.1ms)[0m  SELECT  "users".* FROM "users"  WHERE "users"."id" = ? LIMIT 1  [["id", 0]]
Completed 404 Not Found in 3ms

ActiveRecord::RecordNotFound (Couldn't find User with 'id'=new):
  app/controllers/dogs_controller.rb:20:in `show'


  Rendered /Users/David/.rvm/gems/ruby-2.2.0@rails_decal/gems/actionpack-4.1.5/lib/action_dispatch/middleware/templates/rescues/_source.erb (0.8ms)
  Rendered /Users/David/.rvm/gems/ruby-2.2.0@rails_decal/gems/actionpack-4.1.5/lib/action_dispatch/middleware/templates/rescues/_trace.html.erb (1.6ms)
  Rendered /Users/David/.rvm/gems/ruby-2.2.0@rails_decal/gems/actionpack-4.1.5/lib/action_dispatch/middleware/templates/rescues/_request_and_response.html.erb (1.1ms)
  Rendered /Users/David/.rvm/gems/ruby-2.2.0@rails_decal/gems/actionpack-4.1.5/lib/action_dispatch/middleware/templates/rescues/diagnostics.erb within rescues/layout (44.9ms)
  Rendered /Users/David/.rvm/gems/ruby-2.2.0@rails_decal/gems/web-console-2.1.0/lib/web_console/templates/_markup.html (0.4ms)
  Rendered /Users/David/.rvm/gems/ruby-2.2.0@rails_decal/gems/web-console-2.1.0/lib/web_console/templates/style.css within layouts/inlined_string (0.3ms)
  Rendered /Users/David/.rvm/gems/ruby-2.2.0@rails_decal/gems/web-console-2.1.0/lib/web_console/templates/_inner_console_markup.html within layouts/inlined_string (0.3ms)
  Rendered /Users/David/.rvm/gems/ruby-2.2.0@rails_decal/gems/web-console-2.1.0/lib/web_console/templates/_prompt_box_markup.html within layouts/inlined_string (0.5ms)
  Rendered /Users/David/.rvm/gems/ruby-2.2.0@rails_decal/gems/web-console-2.1.0/lib/web_console/templates/console.js within layouts/javascript (39.3ms)
  Rendered /Users/David/.rvm/gems/ruby-2.2.0@rails_decal/gems/web-console-2.1.0/lib/web_console/templates/main.js within layouts/javascript (0.3ms)
  Rendered /Users/David/.rvm/gems/ruby-2.2.0@rails_decal/gems/web-console-2.1.0/lib/web_console/templates/error_page.js within layouts/javascript (0.3ms)
  Rendered /Users/David/.rvm/gems/ruby-2.2.0@rails_decal/gems/web-console-2.1.0/lib/web_console/templates/index.html (86.5ms)


Started GET "/users/new" for 127.0.0.1 at 2015-10-08 21:53:57 -0700
Processing by UsersController#new as HTML
  Rendered users/new.html.erb within layouts/application (59.6ms)
Completed 200 OK in 108ms (Views: 106.9ms | ActiveRecord: 0.0ms)


Started GET "/" for 127.0.0.1 at 2015-10-08 21:54:28 -0700
Processing by Rails::WelcomeController#index as HTML
  Rendered /Users/David/.rvm/gems/ruby-2.2.0@rails_decal/gems/railties-4.1.5/lib/rails/templates/rails/welcome/index.html.erb (0.1ms)
Completed 200 OK in 3ms (Views: 2.8ms | ActiveRecord: 0.0ms)


Started GET "/dogs/new" for 127.0.0.1 at 2015-10-08 21:54:31 -0700
Processing by DogsController#new as HTML
  Rendered dogs/new.html.erb within layouts/application (18.5ms)
Completed 500 Internal Server Error in 27ms

ActionView::Template::Error (undefined method `integer_field' for #<ActionView::Helpers::FormBuilder:0x007f8b6f7dd2f8>):
    4:   <%= d.text_field :name %><br />
    5: 
    6:   <%= d.label :age %>:
    7:   <%= d.integer_field :age %><br />
    8: 
    9:   <%= d.submit %>
   10: <% end %>
  app/views/dogs/new.html.erb:7:in `block in _app_views_dogs_new_html_erb__3728013969010324179_70118436949260'
  app/views/dogs/new.html.erb:2:in `_app_views_dogs_new_html_erb__3728013969010324179_70118436949260'


  Rendered /Users/David/.rvm/gems/ruby-2.2.0@rails_decal/gems/actionpack-4.1.5/lib/action_dispatch/middleware/templates/rescues/_trace.html.erb (1.1ms)
  Rendered /Users/David/.rvm/gems/ruby-2.2.0@rails_decal/gems/actionpack-4.1.5/lib/action_dispatch/middleware/templates/rescues/_request_and_response.html.erb (0.8ms)
  Rendered /Users/David/.rvm/gems/ruby-2.2.0@rails_decal/gems/actionpack-4.1.5/lib/action_dispatch/middleware/templates/rescues/template_error.html.erb within rescues/layout (32.2ms)
  Rendered /Users/David/.rvm/gems/ruby-2.2.0@rails_decal/gems/web-console-2.1.0/lib/web_console/templates/_markup.html (0.5ms)
  Rendered /Users/David/.rvm/gems/ruby-2.2.0@rails_decal/gems/web-console-2.1.0/lib/web_console/templates/style.css within layouts/inlined_string (0.4ms)
  Rendered /Users/David/.rvm/gems/ruby-2.2.0@rails_decal/gems/web-console-2.1.0/lib/web_console/templates/_inner_console_markup.html within layouts/inlined_string (0.3ms)
  Rendered /Users/David/.rvm/gems/ruby-2.2.0@rails_decal/gems/web-console-2.1.0/lib/web_console/templates/_prompt_box_markup.html within layouts/inlined_string (0.4ms)
  Rendered /Users/David/.rvm/gems/ruby-2.2.0@rails_decal/gems/web-console-2.1.0/lib/web_console/templates/console.js within layouts/javascript (43.5ms)
  Rendered /Users/David/.rvm/gems/ruby-2.2.0@rails_decal/gems/web-console-2.1.0/lib/web_console/templates/main.js within layouts/javascript (0.6ms)
  Rendered /Users/David/.rvm/gems/ruby-2.2.0@rails_decal/gems/web-console-2.1.0/lib/web_console/templates/error_page.js within layouts/javascript (0.4ms)
  Rendered /Users/David/.rvm/gems/ruby-2.2.0@rails_decal/gems/web-console-2.1.0/lib/web_console/templates/index.html (120.6ms)


Started GET "/dogs/new" for 127.0.0.1 at 2015-10-08 21:54:47 -0700
Processing by DogsController#new as HTML
  Rendered dogs/new.html.erb within layouts/application (1.9ms)
Completed 200 OK in 38ms (Views: 36.1ms | ActiveRecord: 0.0ms)


Started GET "/assets/users-64e62ddc273c2f5847f30d698ca14b67.css?body=1" for 127.0.0.1 at 2015-10-08 21:54:47 -0700


Started GET "/assets/application-5266d2988799ecc8fe6e81eaab412e7d.css?body=1" for 127.0.0.1 at 2015-10-08 21:54:47 -0700


Started GET "/assets/jquery-5c8e9a5f2706a5ae36c57c9b8b1693b8.js?body=1" for 127.0.0.1 at 2015-10-08 21:54:47 -0700


Started GET "/assets/jquery_ujs-8163409ac89d9587bb33a62f6f74d283.js?body=1" for 127.0.0.1 at 2015-10-08 21:54:47 -0700


Started GET "/assets/turbolinks-f87b3583ca50adb0488b031297f5580d.js?body=1" for 127.0.0.1 at 2015-10-08 21:54:47 -0700


Started GET "/assets/users-fcec5b5a277ac7c20cc9f45a209a3bcd.js?body=1" for 127.0.0.1 at 2015-10-08 21:54:47 -0700


Started GET "/assets/application-3389a58e893ccfa951d3de92bab997b0.js?body=1" for 127.0.0.1 at 2015-10-08 21:54:47 -0700


Started POST "/dogs" for 127.0.0.1 at 2015-10-08 21:54:52 -0700
Processing by DogsController#create as HTML
  Parameters: {"utf8"=>"✓", "authenticity_token"=>"KiHsxzF9UIHFjlr5UYPxLheuOyVgVevfpqkFiBKiBVo=", "dog"=>{"name"=>"dog", "age"=>"2"}, "commit"=>"Create Dog"}
  [1m[36m (0.1ms)[0m  [1mbegin transaction[0m
  [1m[35mSQL (1.2ms)[0m  INSERT INTO "dogs" ("age", "created_at", "name", "updated_at") VALUES (?, ?, ?, ?)  [["age", 2], ["created_at", "2015-10-09 04:54:52.140766"], ["name", "dog"], ["updated_at", "2015-10-09 04:54:52.140766"]]
  [1m[36m (2.7ms)[0m  [1mcommit transaction[0m
  [1m[35m (0.1ms)[0m  begin transaction
  [1m[36m (0.1ms)[0m  [1mcommit transaction[0m
Redirected to http://localhost:3000/dogs/1
Completed 302 Found in 22ms (ActiveRecord: 4.2ms)


Started GET "/dogs/1" for 127.0.0.1 at 2015-10-08 21:54:52 -0700
Processing by DogsController#show as HTML
  Parameters: {"id"=>"1"}
  [1m[35mUser Load (0.2ms)[0m  SELECT  "users".* FROM "users"  WHERE "users"."id" = ? LIMIT 1  [["id", 1]]
Completed 404 Not Found in 5ms

ActiveRecord::RecordNotFound (Couldn't find User with 'id'=1):
  app/controllers/dogs_controller.rb:20:in `show'


  Rendered /Users/David/.rvm/gems/ruby-2.2.0@rails_decal/gems/actionpack-4.1.5/lib/action_dispatch/middleware/templates/rescues/_source.erb (1.5ms)
  Rendered /Users/David/.rvm/gems/ruby-2.2.0@rails_decal/gems/actionpack-4.1.5/lib/action_dispatch/middleware/templates/rescues/_trace.html.erb (1.6ms)
  Rendered /Users/David/.rvm/gems/ruby-2.2.0@rails_decal/gems/actionpack-4.1.5/lib/action_dispatch/middleware/templates/rescues/_request_and_response.html.erb (0.9ms)
  Rendered /Users/David/.rvm/gems/ruby-2.2.0@rails_decal/gems/actionpack-4.1.5/lib/action_dispatch/middleware/templates/rescues/diagnostics.erb within rescues/layout (56.7ms)
  Rendered /Users/David/.rvm/gems/ruby-2.2.0@rails_decal/gems/web-console-2.1.0/lib/web_console/templates/_markup.html (0.4ms)
  Rendered /Users/David/.rvm/gems/ruby-2.2.0@rails_decal/gems/web-console-2.1.0/lib/web_console/templates/style.css within layouts/inlined_string (0.3ms)
  Rendered /Users/David/.rvm/gems/ruby-2.2.0@rails_decal/gems/web-console-2.1.0/lib/web_console/templates/_inner_console_markup.html within layouts/inlined_string (0.5ms)
  Rendered /Users/David/.rvm/gems/ruby-2.2.0@rails_decal/gems/web-console-2.1.0/lib/web_console/templates/_prompt_box_markup.html within layouts/inlined_string (0.4ms)
  Rendered /Users/David/.rvm/gems/ruby-2.2.0@rails_decal/gems/web-console-2.1.0/lib/web_console/templates/console.js within layouts/javascript (41.6ms)
  Rendered /Users/David/.rvm/gems/ruby-2.2.0@rails_decal/gems/web-console-2.1.0/lib/web_console/templates/main.js within layouts/javascript (0.3ms)
  Rendered /Users/David/.rvm/gems/ruby-2.2.0@rails_decal/gems/web-console-2.1.0/lib/web_console/templates/error_page.js within layouts/javascript (0.4ms)
  Rendered /Users/David/.rvm/gems/ruby-2.2.0@rails_decal/gems/web-console-2.1.0/lib/web_console/templates/index.html (102.3ms)


Started GET "/dogs/1" for 127.0.0.1 at 2015-10-08 21:55:18 -0700
Processing by DogsController#show as HTML
  Parameters: {"id"=>"1"}
  [1m[36mDog Load (0.1ms)[0m  [1mSELECT  "dogs".* FROM "dogs"  WHERE "dogs"."id" = ? LIMIT 1[0m  [["id", 1]]
  Rendered dogs/show.html.erb within layouts/application (0.5ms)
Completed 200 OK in 42ms (Views: 37.6ms | ActiveRecord: 0.5ms)


Started GET "/assets/users-64e62ddc273c2f5847f30d698ca14b67.css?body=1" for 127.0.0.1 at 2015-10-08 21:55:18 -0700


Started GET "/assets/application-5266d2988799ecc8fe6e81eaab412e7d.css?body=1" for 127.0.0.1 at 2015-10-08 21:55:18 -0700


Started GET "/assets/application-3389a58e893ccfa951d3de92bab997b0.js?body=1" for 127.0.0.1 at 2015-10-08 21:55:18 -0700


Started GET "/assets/jquery-5c8e9a5f2706a5ae36c57c9b8b1693b8.js?body=1" for 127.0.0.1 at 2015-10-08 21:55:18 -0700


Started GET "/assets/jquery_ujs-8163409ac89d9587bb33a62f6f74d283.js?body=1" for 127.0.0.1 at 2015-10-08 21:55:18 -0700


Started GET "/assets/turbolinks-f87b3583ca50adb0488b031297f5580d.js?body=1" for 127.0.0.1 at 2015-10-08 21:55:18 -0700


Started GET "/assets/users-fcec5b5a277ac7c20cc9f45a209a3bcd.js?body=1" for 127.0.0.1 at 2015-10-08 21:55:18 -0700


Started GET "/dogs/1" for 127.0.0.1 at 2015-10-08 21:55:27 -0700
Processing by DogsController#show as HTML
  Parameters: {"id"=>"1"}
  [1m[35mDog Load (0.1ms)[0m  SELECT  "dogs".* FROM "dogs"  WHERE "dogs"."id" = ? LIMIT 1  [["id", 1]]
  Rendered dogs/show.html.erb within layouts/application (0.1ms)
Completed 200 OK in 31ms (Views: 29.3ms | ActiveRecord: 0.1ms)


Started GET "/assets/users-64e62ddc273c2f5847f30d698ca14b67.css?body=1" for 127.0.0.1 at 2015-10-08 21:55:27 -0700


Started GET "/assets/application-5266d2988799ecc8fe6e81eaab412e7d.css?body=1" for 127.0.0.1 at 2015-10-08 21:55:27 -0700


Started GET "/assets/users-fcec5b5a277ac7c20cc9f45a209a3bcd.js?body=1" for 127.0.0.1 at 2015-10-08 21:55:27 -0700


Started GET "/assets/application-3389a58e893ccfa951d3de92bab997b0.js?body=1" for 127.0.0.1 at 2015-10-08 21:55:27 -0700


Started GET "/assets/jquery-5c8e9a5f2706a5ae36c57c9b8b1693b8.js?body=1" for 127.0.0.1 at 2015-10-08 21:55:27 -0700


Started GET "/assets/turbolinks-f87b3583ca50adb0488b031297f5580d.js?body=1" for 127.0.0.1 at 2015-10-08 21:55:27 -0700


Started GET "/assets/jquery_ujs-8163409ac89d9587bb33a62f6f74d283.js?body=1" for 127.0.0.1 at 2015-10-08 21:55:27 -0700


Started GET "/dogs" for 127.0.0.1 at 2015-10-08 21:55:33 -0700
Processing by DogsController#index as HTML
  [1m[36mDog Load (0.2ms)[0m  [1mSELECT "dogs".* FROM "dogs"[0m
  Rendered dogs/index.html.erb within layouts/application (0.9ms)
Completed 200 OK in 47ms (Views: 46.3ms | ActiveRecord: 0.2ms)


Started GET "/assets/users-64e62ddc273c2f5847f30d698ca14b67.css?body=1" for 127.0.0.1 at 2015-10-08 21:55:33 -0700


Started GET "/assets/application-5266d2988799ecc8fe6e81eaab412e7d.css?body=1" for 127.0.0.1 at 2015-10-08 21:55:33 -0700


Started GET "/assets/turbolinks-f87b3583ca50adb0488b031297f5580d.js?body=1" for 127.0.0.1 at 2015-10-08 21:55:33 -0700


Started GET "/assets/jquery-5c8e9a5f2706a5ae36c57c9b8b1693b8.js?body=1" for 127.0.0.1 at 2015-10-08 21:55:33 -0700


Started GET "/assets/users-fcec5b5a277ac7c20cc9f45a209a3bcd.js?body=1" for 127.0.0.1 at 2015-10-08 21:55:33 -0700


Started GET "/assets/application-3389a58e893ccfa951d3de92bab997b0.js?body=1" for 127.0.0.1 at 2015-10-08 21:55:33 -0700


Started GET "/assets/jquery_ujs-8163409ac89d9587bb33a62f6f74d283.js?body=1" for 127.0.0.1 at 2015-10-08 21:55:33 -0700


Started GET "/dogs/new" for 127.0.0.1 at 2015-10-08 21:55:38 -0700
Processing by DogsController#new as HTML
  Rendered dogs/new.html.erb within layouts/application (1.8ms)
Completed 200 OK in 34ms (Views: 33.6ms | ActiveRecord: 0.0ms)


Started POST "/dogs" for 127.0.0.1 at 2015-10-08 21:55:43 -0700
Processing by DogsController#create as HTML
  Parameters: {"utf8"=>"✓", "authenticity_token"=>"KiHsxzF9UIHFjlr5UYPxLheuOyVgVevfpqkFiBKiBVo=", "dog"=>{"name"=>"farthead", "age"=>"420"}, "commit"=>"Create Dog"}
  [1m[35m (0.1ms)[0m  begin transaction
  [1m[36mSQL (0.6ms)[0m  [1mINSERT INTO "dogs" ("age", "created_at", "name", "updated_at") VALUES (?, ?, ?, ?)[0m  [["age", 420], ["created_at", "2015-10-09 04:55:43.580111"], ["name", "farthead"], ["updated_at", "2015-10-09 04:55:43.580111"]]
  [1m[35m (1.6ms)[0m  commit transaction
  [1m[36m (0.1ms)[0m  [1mbegin transaction[0m
  [1m[35m (0.0ms)[0m  commit transaction
Redirected to http://localhost:3000/dogs/2
Completed 302 Found in 6ms (ActiveRecord: 2.4ms)


Started GET "/dogs/2" for 127.0.0.1 at 2015-10-08 21:55:43 -0700
Processing by DogsController#show as HTML
  Parameters: {"id"=>"2"}
  [1m[36mDog Load (0.2ms)[0m  [1mSELECT  "dogs".* FROM "dogs"  WHERE "dogs"."id" = ? LIMIT 1[0m  [["id", 2]]
  Rendered dogs/show.html.erb within layouts/application (0.1ms)
Completed 200 OK in 32ms (Views: 31.0ms | ActiveRecord: 0.2ms)


Started GET "/assets/application-5266d2988799ecc8fe6e81eaab412e7d.css?body=1" for 127.0.0.1 at 2015-10-08 21:55:43 -0700


Started GET "/assets/users-64e62ddc273c2f5847f30d698ca14b67.css?body=1" for 127.0.0.1 at 2015-10-08 21:55:43 -0700


Started GET "/assets/application-3389a58e893ccfa951d3de92bab997b0.js?body=1" for 127.0.0.1 at 2015-10-08 21:55:43 -0700


Started GET "/assets/jquery_ujs-8163409ac89d9587bb33a62f6f74d283.js?body=1" for 127.0.0.1 at 2015-10-08 21:55:43 -0700


Started GET "/assets/users-fcec5b5a277ac7c20cc9f45a209a3bcd.js?body=1" for 127.0.0.1 at 2015-10-08 21:55:43 -0700


Started GET "/assets/jquery-5c8e9a5f2706a5ae36c57c9b8b1693b8.js?body=1" for 127.0.0.1 at 2015-10-08 21:55:43 -0700


Started GET "/assets/turbolinks-f87b3583ca50adb0488b031297f5580d.js?body=1" for 127.0.0.1 at 2015-10-08 21:55:43 -0700


Started GET "/" for 127.0.0.1 at 2015-10-08 21:55:48 -0700
Processing by Rails::WelcomeController#index as HTML
  Rendered /Users/David/.rvm/gems/ruby-2.2.0@rails_decal/gems/railties-4.1.5/lib/rails/templates/rails/welcome/index.html.erb (0.1ms)
Completed 200 OK in 3ms (Views: 2.4ms | ActiveRecord: 0.0ms)


Started GET "/dogs" for 127.0.0.1 at 2015-10-08 21:56:31 -0700
Processing by DogsController#index as HTML
  [1m[35mDog Load (0.4ms)[0m  SELECT "dogs".* FROM "dogs"
  Rendered dogs/index.html.erb within layouts/application (1.1ms)
Completed 200 OK in 35ms (Views: 34.2ms | ActiveRecord: 0.4ms)


Started GET "/assets/users-64e62ddc273c2f5847f30d698ca14b67.css?body=1" for 127.0.0.1 at 2015-10-08 21:56:31 -0700


Started GET "/assets/jquery-5c8e9a5f2706a5ae36c57c9b8b1693b8.js?body=1" for 127.0.0.1 at 2015-10-08 21:56:31 -0700


Started GET "/assets/application-5266d2988799ecc8fe6e81eaab412e7d.css?body=1" for 127.0.0.1 at 2015-10-08 21:56:31 -0700


Started GET "/assets/application-3389a58e893ccfa951d3de92bab997b0.js?body=1" for 127.0.0.1 at 2015-10-08 21:56:31 -0700


Started GET "/assets/jquery_ujs-8163409ac89d9587bb33a62f6f74d283.js?body=1" for 127.0.0.1 at 2015-10-08 21:56:31 -0700


Started GET "/assets/turbolinks-f87b3583ca50adb0488b031297f5580d.js?body=1" for 127.0.0.1 at 2015-10-08 21:56:31 -0700


Started GET "/assets/users-fcec5b5a277ac7c20cc9f45a209a3bcd.js?body=1" for 127.0.0.1 at 2015-10-08 21:56:31 -0700


Started GET "/dogs/new" for 127.0.0.1 at 2015-10-08 21:56:33 -0700
Processing by DogsController#new as HTML
  Rendered dogs/new.html.erb within layouts/application (1.2ms)
Completed 200 OK in 38ms (Views: 37.2ms | ActiveRecord: 0.0ms)


Started POST "/dogs" for 127.0.0.1 at 2015-10-08 21:56:39 -0700
Processing by DogsController#create as HTML
  Parameters: {"utf8"=>"✓", "authenticity_token"=>"KiHsxzF9UIHFjlr5UYPxLheuOyVgVevfpqkFiBKiBVo=", "dog"=>{"name"=>"farthead", "age"=>"3"}, "commit"=>"Create Dog"}
  [1m[36m (0.1ms)[0m  [1mbegin transaction[0m
  [1m[35mSQL (0.3ms)[0m  INSERT INTO "dogs" ("age", "created_at", "name", "updated_at") VALUES (?, ?, ?, ?)  [["age", 3], ["created_at", "2015-10-09 04:56:39.778625"], ["name", "farthead"], ["updated_at", "2015-10-09 04:56:39.778625"]]
  [1m[36m (1.8ms)[0m  [1mcommit transaction[0m
  [1m[35m (0.1ms)[0m  begin transaction
  [1m[36m (0.1ms)[0m  [1mcommit transaction[0m
Redirected to http://localhost:3000/dogs/3
Completed 302 Found in 5ms (ActiveRecord: 2.4ms)


Started GET "/dogs/3" for 127.0.0.1 at 2015-10-08 21:56:39 -0700
Processing by DogsController#show as HTML
  Parameters: {"id"=>"3"}
  [1m[35mDog Load (0.1ms)[0m  SELECT  "dogs".* FROM "dogs"  WHERE "dogs"."id" = ? LIMIT 1  [["id", 3]]
  Rendered dogs/show.html.erb within layouts/application (0.6ms)
Completed 200 OK in 29ms (Views: 27.6ms | ActiveRecord: 0.1ms)


Started GET "/assets/users-64e62ddc273c2f5847f30d698ca14b67.css?body=1" for 127.0.0.1 at 2015-10-08 21:56:39 -0700


Started GET "/assets/application-5266d2988799ecc8fe6e81eaab412e7d.css?body=1" for 127.0.0.1 at 2015-10-08 21:56:39 -0700


Started GET "/assets/jquery-5c8e9a5f2706a5ae36c57c9b8b1693b8.js?body=1" for 127.0.0.1 at 2015-10-08 21:56:39 -0700


Started GET "/assets/jquery_ujs-8163409ac89d9587bb33a62f6f74d283.js?body=1" for 127.0.0.1 at 2015-10-08 21:56:39 -0700


Started GET "/assets/turbolinks-f87b3583ca50adb0488b031297f5580d.js?body=1" for 127.0.0.1 at 2015-10-08 21:56:39 -0700


Started GET "/assets/users-fcec5b5a277ac7c20cc9f45a209a3bcd.js?body=1" for 127.0.0.1 at 2015-10-08 21:56:39 -0700


Started GET "/assets/application-3389a58e893ccfa951d3de92bab997b0.js?body=1" for 127.0.0.1 at 2015-10-08 21:56:39 -0700


Started GET "/dogs/new" for 127.0.0.1 at 2015-10-08 21:56:41 -0700
Processing by DogsController#new as HTML
  Rendered dogs/new.html.erb within layouts/application (1.1ms)
Completed 200 OK in 39ms (Views: 38.3ms | ActiveRecord: 0.0ms)


Started POST "/dogs" for 127.0.0.1 at 2015-10-08 21:56:52 -0700
Processing by DogsController#create as HTML
  Parameters: {"utf8"=>"✓", "authenticity_token"=>"KiHsxzF9UIHFjlr5UYPxLheuOyVgVevfpqkFiBKiBVo=", "dog"=>{"name"=>"doge", "age"=>"2"}, "commit"=>"Create Dog"}
  [1m[36m (0.1ms)[0m  [1mbegin transaction[0m
  [1m[35mSQL (0.4ms)[0m  INSERT INTO "dogs" ("age", "created_at", "name", "updated_at") VALUES (?, ?, ?, ?)  [["age", 2], ["created_at", "2015-10-09 04:56:52.284128"], ["name", "doge"], ["updated_at", "2015-10-09 04:56:52.284128"]]
  [1m[36m (1.5ms)[0m  [1mcommit transaction[0m
  [1m[35m (0.1ms)[0m  begin transaction
  [1m[36m (0.0ms)[0m  [1mcommit transaction[0m
Redirected to http://localhost:3000/dogs/4
Completed 302 Found in 5ms (ActiveRecord: 2.0ms)


Started GET "/dogs/4" for 127.0.0.1 at 2015-10-08 21:56:52 -0700
Processing by DogsController#show as HTML
  Parameters: {"id"=>"4"}
  [1m[35mDog Load (0.2ms)[0m  SELECT  "dogs".* FROM "dogs"  WHERE "dogs"."id" = ? LIMIT 1  [["id", 4]]
  Rendered dogs/show.html.erb within layouts/application (10.6ms)
Completed 500 Internal Server Error in 16ms

ActionView::Template::Error (undefined local variable or method `dogs_index_path' for #<#<Class:0x007f8b6b7cf490>:0x007f8b6d8b5830>):
    1: Name: <%= @dog.name %>
    2: Age: <%= @dog.age %>
    3: <%= link_to "index", dogs_index_path %> <!-- Create a link that appears as "new" that leads to users_new_path -->
  app/views/dogs/show.html.erb:3:in `_app_views_dogs_show_html_erb__1045662376377833303_70118407512740'


  Rendered /Users/David/.rvm/gems/ruby-2.2.0@rails_decal/gems/actionpack-4.1.5/lib/action_dispatch/middleware/templates/rescues/_trace.html.erb (1.6ms)
  Rendered /Users/David/.rvm/gems/ruby-2.2.0@rails_decal/gems/actionpack-4.1.5/lib/action_dispatch/middleware/templates/rescues/_request_and_response.html.erb (1.1ms)
  Rendered /Users/David/.rvm/gems/ruby-2.2.0@rails_decal/gems/actionpack-4.1.5/lib/action_dispatch/middleware/templates/rescues/template_error.html.erb within rescues/layout (30.4ms)
  Rendered /Users/David/.rvm/gems/ruby-2.2.0@rails_decal/gems/web-console-2.1.0/lib/web_console/templates/_markup.html (0.5ms)
  Rendered /Users/David/.rvm/gems/ruby-2.2.0@rails_decal/gems/web-console-2.1.0/lib/web_console/templates/style.css within layouts/inlined_string (0.6ms)
  Rendered /Users/David/.rvm/gems/ruby-2.2.0@rails_decal/gems/web-console-2.1.0/lib/web_console/templates/_inner_console_markup.html within layouts/inlined_string (0.4ms)
  Rendered /Users/David/.rvm/gems/ruby-2.2.0@rails_decal/gems/web-console-2.1.0/lib/web_console/templates/_prompt_box_markup.html within layouts/inlined_string (0.4ms)
  Rendered /Users/David/.rvm/gems/ruby-2.2.0@rails_decal/gems/web-console-2.1.0/lib/web_console/templates/console.js within layouts/javascript (47.3ms)
  Rendered /Users/David/.rvm/gems/ruby-2.2.0@rails_decal/gems/web-console-2.1.0/lib/web_console/templates/main.js within layouts/javascript (0.5ms)
  Rendered /Users/David/.rvm/gems/ruby-2.2.0@rails_decal/gems/web-console-2.1.0/lib/web_console/templates/error_page.js within layouts/javascript (0.3ms)
  Rendered /Users/David/.rvm/gems/ruby-2.2.0@rails_decal/gems/web-console-2.1.0/lib/web_console/templates/index.html (100.7ms)


Started GET "/dogs/4" for 127.0.0.1 at 2015-10-08 21:57:07 -0700
Processing by DogsController#show as HTML
  Parameters: {"id"=>"4"}
  [1m[36mDog Load (0.1ms)[0m  [1mSELECT  "dogs".* FROM "dogs"  WHERE "dogs"."id" = ? LIMIT 1[0m  [["id", 4]]
  Rendered dogs/show.html.erb within layouts/application (11.2ms)
Completed 500 Internal Server Error in 16ms

ActionView::Template::Error (undefined local variable or method `dogs_index' for #<#<Class:0x007f8b6b7cf490>:0x007f8b7100baf0>):
    1: Name: <%= @dog.name %>
    2: Age: <%= @dog.age %>
    3: <%= link_to "index", dogs_index %> <!-- Create a link that appears as "new" that leads to users_new_path -->
  app/views/dogs/show.html.erb:3:in `_app_views_dogs_show_html_erb__1045662376377833303_70118436525060'


  Rendered /Users/David/.rvm/gems/ruby-2.2.0@rails_decal/gems/actionpack-4.1.5/lib/action_dispatch/middleware/templates/rescues/_trace.html.erb (1.2ms)
  Rendered /Users/David/.rvm/gems/ruby-2.2.0@rails_decal/gems/actionpack-4.1.5/lib/action_dispatch/middleware/templates/rescues/_request_and_response.html.erb (0.8ms)
  Rendered /Users/David/.rvm/gems/ruby-2.2.0@rails_decal/gems/actionpack-4.1.5/lib/action_dispatch/middleware/templates/rescues/template_error.html.erb within rescues/layout (27.2ms)
  Rendered /Users/David/.rvm/gems/ruby-2.2.0@rails_decal/gems/web-console-2.1.0/lib/web_console/templates/_markup.html (0.2ms)
  Rendered /Users/David/.rvm/gems/ruby-2.2.0@rails_decal/gems/web-console-2.1.0/lib/web_console/templates/style.css within layouts/inlined_string (0.6ms)
  Rendered /Users/David/.rvm/gems/ruby-2.2.0@rails_decal/gems/web-console-2.1.0/lib/web_console/templates/_inner_console_markup.html within layouts/inlined_string (0.4ms)
  Rendered /Users/David/.rvm/gems/ruby-2.2.0@rails_decal/gems/web-console-2.1.0/lib/web_console/templates/_prompt_box_markup.html within layouts/inlined_string (0.3ms)
  Rendered /Users/David/.rvm/gems/ruby-2.2.0@rails_decal/gems/web-console-2.1.0/lib/web_console/templates/console.js within layouts/javascript (44.9ms)
  Rendered /Users/David/.rvm/gems/ruby-2.2.0@rails_decal/gems/web-console-2.1.0/lib/web_console/templates/main.js within layouts/javascript (0.3ms)
  Rendered /Users/David/.rvm/gems/ruby-2.2.0@rails_decal/gems/web-console-2.1.0/lib/web_console/templates/error_page.js within layouts/javascript (0.4ms)
  Rendered /Users/David/.rvm/gems/ruby-2.2.0@rails_decal/gems/web-console-2.1.0/lib/web_console/templates/index.html (90.7ms)


Started GET "/dogs/4" for 127.0.0.1 at 2015-10-08 21:57:18 -0700
Processing by DogsController#show as HTML
  Parameters: {"id"=>"4"}
  [1m[35mDog Load (0.1ms)[0m  SELECT  "dogs".* FROM "dogs"  WHERE "dogs"."id" = ? LIMIT 1  [["id", 4]]
  Rendered dogs/show.html.erb within layouts/application (9.5ms)
Completed 500 Internal Server Error in 14ms

ActionView::Template::Error (undefined local variable or method `dogs' for #<#<Class:0x007f8b6b7cf490>:0x007f8b6feca8b8>):
    1: Name: <%= @dog.name %>
    2: Age: <%= @dog.age %>
    3: <%= link_to "index", dogs %> <!-- Create a link that appears as "new" that leads to users_new_path -->
  app/views/dogs/show.html.erb:3:in `_app_views_dogs_show_html_erb__1045662376377833303_70118427478720'


  Rendered /Users/David/.rvm/gems/ruby-2.2.0@rails_decal/gems/actionpack-4.1.5/lib/action_dispatch/middleware/templates/rescues/_trace.html.erb (1.0ms)
  Rendered /Users/David/.rvm/gems/ruby-2.2.0@rails_decal/gems/actionpack-4.1.5/lib/action_dispatch/middleware/templates/rescues/_request_and_response.html.erb (0.7ms)
  Rendered /Users/David/.rvm/gems/ruby-2.2.0@rails_decal/gems/actionpack-4.1.5/lib/action_dispatch/middleware/templates/rescues/template_error.html.erb within rescues/layout (33.7ms)
  Rendered /Users/David/.rvm/gems/ruby-2.2.0@rails_decal/gems/web-console-2.1.0/lib/web_console/templates/_markup.html (0.3ms)
  Rendered /Users/David/.rvm/gems/ruby-2.2.0@rails_decal/gems/web-console-2.1.0/lib/web_console/templates/style.css within layouts/inlined_string (0.3ms)
  Rendered /Users/David/.rvm/gems/ruby-2.2.0@rails_decal/gems/web-console-2.1.0/lib/web_console/templates/_inner_console_markup.html within layouts/inlined_string (0.3ms)
  Rendered /Users/David/.rvm/gems/ruby-2.2.0@rails_decal/gems/web-console-2.1.0/lib/web_console/templates/_prompt_box_markup.html within layouts/inlined_string (0.3ms)
  Rendered /Users/David/.rvm/gems/ruby-2.2.0@rails_decal/gems/web-console-2.1.0/lib/web_console/templates/console.js within layouts/javascript (37.7ms)
  Rendered /Users/David/.rvm/gems/ruby-2.2.0@rails_decal/gems/web-console-2.1.0/lib/web_console/templates/main.js within layouts/javascript (0.4ms)
  Rendered /Users/David/.rvm/gems/ruby-2.2.0@rails_decal/gems/web-console-2.1.0/lib/web_console/templates/error_page.js within layouts/javascript (0.4ms)
  Rendered /Users/David/.rvm/gems/ruby-2.2.0@rails_decal/gems/web-console-2.1.0/lib/web_console/templates/index.html (83.7ms)


Started GET "/dogs/4" for 127.0.0.1 at 2015-10-08 21:57:27 -0700
Processing by DogsController#show as HTML
  Parameters: {"id"=>"4"}
  [1m[36mDog Load (0.1ms)[0m  [1mSELECT  "dogs".* FROM "dogs"  WHERE "dogs"."id" = ? LIMIT 1[0m  [["id", 4]]
  Rendered dogs/show.html.erb within layouts/application (0.7ms)
Completed 200 OK in 36ms (Views: 34.4ms | ActiveRecord: 0.1ms)


Started GET "/assets/users-64e62ddc273c2f5847f30d698ca14b67.css?body=1" for 127.0.0.1 at 2015-10-08 21:57:27 -0700


Started GET "/assets/application-5266d2988799ecc8fe6e81eaab412e7d.css?body=1" for 127.0.0.1 at 2015-10-08 21:57:27 -0700


Started GET "/assets/application-3389a58e893ccfa951d3de92bab997b0.js?body=1" for 127.0.0.1 at 2015-10-08 21:57:27 -0700


Started GET "/assets/jquery-5c8e9a5f2706a5ae36c57c9b8b1693b8.js?body=1" for 127.0.0.1 at 2015-10-08 21:57:27 -0700


Started GET "/assets/jquery_ujs-8163409ac89d9587bb33a62f6f74d283.js?body=1" for 127.0.0.1 at 2015-10-08 21:57:27 -0700


Started GET "/assets/turbolinks-f87b3583ca50adb0488b031297f5580d.js?body=1" for 127.0.0.1 at 2015-10-08 21:57:27 -0700


Started GET "/assets/users-fcec5b5a277ac7c20cc9f45a209a3bcd.js?body=1" for 127.0.0.1 at 2015-10-08 21:57:27 -0700


Started GET "/" for 127.0.0.1 at 2015-10-08 21:57:34 -0700
Processing by Rails::WelcomeController#index as HTML
  Rendered /Users/David/.rvm/gems/ruby-2.2.0@rails_decal/gems/railties-4.1.5/lib/rails/templates/rails/welcome/index.html.erb (0.1ms)
Completed 200 OK in 3ms (Views: 2.9ms | ActiveRecord: 0.0ms)
